<?xml version="1.0" encoding="UTF-8"?>
<!-- Generated by org.testng.reporters.JUnitReportReporter -->
<testsuite skipped="0" hostname="LAPTOP-7NC8C0E5" name="com.tests.trivagoImage" tests="1" failures="0" timestamp="02 Oct 2019 07:48:36 GMT" time="39.615" errors="0">
  <testcase name="compareImages" time="39.615" classname="com.tests.trivagoImage"/>
</testsuite> <!-- com.tests.trivagoImage -->
